
CA Gen Build Tool Compose
Copyright (c) 2016 CA. All rights reserved.


Compose Succeeded

Microsoft Windows [Version 10.0.14393]
(c) 2016 Microsoft Corporation. All rights reserved.

C:\Program Files (x86)\CA\Gen86Free\Gen>"C:\Program Files (x86)\CA\SharedComponents\JRE\1.8.0_60\\bin\java.exe "   -classpath "C:\Program Files (x86)\CA\Gen86Free\gen\bt\bt.jar" com.ca.gen.bt.Execute  "C:\Users\mansour\Documents\CA\Gen 8.6\Models\calculat.ief\java\CALCULAT_WebView.bat"

=====================Load Module Script Environment=================
Operating System: JVM
Database Manager: "JDBC"
Environment:      Web View
Language:         java
Codepage:         1252
ISOEncoding:      UTF-8
Module Type:      COOP

==============================SUMMARY===============================
Summary of Load Module Script Results for Load Module CALCULAT_WebView:
==============================LEGEND================================
Legend: ... precedes information about an operation to be performed.
        --- precedes results from an operation which just completed.
        *** precedes error info from an operation which just failed.
        (Symbols preceding info are indented to convey step levels.)

==============================DETAILS===============================
Details of CALCULAT_WebView Load Module Script Results:
.;C:\Program Files (x86)\CA\Gen86Free\gen\bt\bt.jar;C:\Program Files\Java\jdk1.8.0_111\lib\tools.jar
Buildfile: C:\Users\mansour\Documents\CA\Gen 8.6\Models\calculat.ief\java\CALCULAT_WebView.XML

dirs:
   [delete] Deleting directory C:\Users\mansour\Documents\CA\Gen 8.6\Models\calculat.ief\java\classes\CALCULAT_WebView
    [mkdir] Created dir: C:\Users\mansour\Documents\CA\Gen 8.6\Models\calculat.ief\java\classes\CALCULAT_WebView

build.eab:

build.ab:

build.ps:
     [echo] 
     [echo] ...Verifying Procedure Step Classes
     [echo] 
     [echo] ...Compiling Procedure Step Classes
    [javac] C:\Users\mansour\Documents\CA\Gen 8.6\Models\calculat.ief\java\CALCULAT_WebView.XML:61: warning: 'includeantruntime' was not set, defaulting to build.sysclasspath=last; set to false for repeatable builds
    [javac] Compiling 4 source files to C:\Users\mansour\Documents\CA\Gen 8.6\Models\calculat.ief\java\classes\CALCULAT_WebView
    [javac] warning: [options] bootstrap class path not set in conjunction with -source 1.6
    [javac] 1 warning

build.sub:

build.lm:
     [echo] 
     [echo] ...Verifying Web View XML files

build:

jar:
     [echo] 
     [echo] ...Building CALCULAT_WebView\CALCULAT.jar
      [jar] Building jar: C:\Users\mansour\Documents\CA\Gen 8.6\Models\calculat.ief\java\classes\CALCULAT_WebView\CALCULAT.jar

all:

BUILD SUCCESSFUL
Total time: 7 seconds
IEFSIGNAL:OK
Build for Load Module CALCULAT_WebView Completed.
Important!  Review above for any errors.

C:\Program Files (x86)\CA\Gen86Free\Gen>